2026-03-19 18:31:05,658 - HomePage - WARNING - Standard click failed for ('css selector', 'li.menu_Flights a'), trying JS click. Error: Message: element click intercepted: Element <a href="https://www.makemytrip.com/flights/" class="headerIcons makeFlex hrtlCenter column active">...</a> is not clickable at point (174, 128). Other element would receive the click: <div class="imageSlideContainer">...</div>
  (Session info: chrome=146.0.7680.80); For documentation on this error, please visit: https://www.selenium.dev/documentation/webdriver/troubleshooting/errors#elementclickinterceptedexception
Stacktrace:
	undetected_chromedriver!GetHandleVerifier [0x577c13+10dd3]
	undetected_chromedriver!GetHandleVerifier [0x577d44+10f04]
	undetected_chromedriver!(No symbol) [0x351f50]
	undetected_chromedriver!(No symbol) [0x3a10a8]
	undetected_chromedriver!(No symbol) [0x39f2b9]
	undetected_chromedriver!(No symbol) [0x39cc72]
	undetected_chromedriver!(No symbol) [0x39be74]
	undetected_chromedriver!(No symbol) [0x391aa8]
	undetected_chromedriver!(No symbol) [0x3bd90c]
	undetected_chromedriver!(No symbol) [0x3914e4]
	undetected_chromedriver!(No symbol) [0x3bdad4]
	undetected_chromedriver!(No symbol) [0x3da7de]
	undetected_chromedriver!(No symbol) [0x3bd6a6]
	undetected_chromedriver!(No symbol) [0x390029]
	undetected_chromedriver!(No symbol) [0x390de4]
	undetected_chromedriver!GetHandleVerifier [0x7d4509+26d6c9]
	undetected_chromedriver!GetHandleVerifier [0x7cfb43+268d03]
	undetected_chromedriver!GetHandleVerifier [0x7ed85b+286a1b]
	undetected_chromedriver!GetHandleVerifier [0x591668+2a828]
	undetected_chromedriver!GetHandleVerifier [0x5997fd+329bd]
	undetected_chromedriver!GetHandleVerifier [0x580588+19748]
	undetected_chromedriver!GetHandleVerifier [0x580752+19912]
	undetected_chromedriver!GetHandleVerifier [0x5699da+2b9a]
	KERNEL32!BaseThreadInitThunk [0x761f5d49+19]
	ntdll!RtlInitializeExceptionChain [0x7722d83b+6b]
	ntdll!RtlGetAppContainerNamedObjectPath [0x7722d7c1+231]

2026-03-19 18:31:07,241 - HomePage - INFO - JS Clicked element: ('css selector', 'li.menu_Flights a')
2026-03-19 18:31:09,413 - HomePage - WARNING - Standard click failed for ('css selector', 'a.primaryBtn, button.primaryBtn'), trying JS click. Error: Message: element click intercepted: Element <a class="primaryBtn font24 latoBold widget...Btn ">Search</a> is not clickable at point (675, 551). Other element would receive the click: <p class="textCenter appendBottom5 appendTop20 font12 blackText lineHeight18">...</p>
  (Session info: chrome=146.0.7680.80); For documentation on this error, please visit: https://www.selenium.dev/documentation/webdriver/troubleshooting/errors#elementclickinterceptedexception
Stacktrace:
	undetected_chromedriver!GetHandleVerifier [0x577c13+10dd3]
	undetected_chromedriver!GetHandleVerifier [0x577d44+10f04]
	undetected_chromedriver!(No symbol) [0x351f50]
	undetected_chromedriver!(No symbol) [0x3a10a8]
	undetected_chromedriver!(No symbol) [0x39f2b9]
	undetected_chromedriver!(No symbol) [0x39cc72]
	undetected_chromedriver!(No symbol) [0x39be74]
	undetected_chromedriver!(No symbol) [0x391aa8]
	undetected_chromedriver!(No symbol) [0x3bd90c]
	undetected_chromedriver!(No symbol) [0x3914e4]
	undetected_chromedriver!(No symbol) [0x3bdad4]
	undetected_chromedriver!(No symbol) [0x3da7de]
	undetected_chromedriver!(No symbol) [0x3bd6a6]
	undetected_chromedriver!(No symbol) [0x390029]
	undetected_chromedriver!(No symbol) [0x390de4]
	undetected_chromedriver!GetHandleVerifier [0x7d4509+26d6c9]
	undetected_chromedriver!GetHandleVerifier [0x7cfb43+268d03]
	undetected_chromedriver!GetHandleVerifier [0x7ed85b+286a1b]
	undetected_chromedriver!GetHandleVerifier [0x591668+2a828]
	undetected_chromedriver!GetHandleVerifier [0x5997fd+329bd]
	undetected_chromedriver!GetHandleVerifier [0x580588+19748]
	undetected_chromedriver!GetHandleVerifier [0x580752+19912]
	undetected_chromedriver!GetHandleVerifier [0x5699da+2b9a]
	KERNEL32!BaseThreadInitThunk [0x761f5d49+19]
	ntdll!RtlInitializeExceptionChain [0x7722d83b+6b]
	ntdll!RtlGetAppContainerNamedObjectPath [0x7722d7c1+231]

2026-03-19 18:31:13,555 - HomePage - INFO - JS Clicked element: ('css selector', 'a.primaryBtn, button.primaryBtn')
2026-03-19 18:31:39,134 - SearchResultsPage - WARNING - Standard click failed for ('css selector', 'button.viewFareBtn:first-of-type'), trying JS click. Error: Message: 
Stacktrace:
	undetected_chromedriver!GetHandleVerifier [0x577c13+10dd3]
	undetected_chromedriver!GetHandleVerifier [0x577d44+10f04]
	undetected_chromedriver!(No symbol) [0x351f50]
	undetected_chromedriver!(No symbol) [0x39a9aa]
	undetected_chromedriver!(No symbol) [0x39ac4b]
	undetected_chromedriver!(No symbol) [0x3dcee2]
	undetected_chromedriver!(No symbol) [0x3bd954]
	undetected_chromedriver!(No symbol) [0x3da7de]
	undetected_chromedriver!(No symbol) [0x3bd6a6]
	undetected_chromedriver!(No symbol) [0x390029]
	undetected_chromedriver!(No symbol) [0x390de4]
	undetected_chromedriver!GetHandleVerifier [0x7d4509+26d6c9]
	undetected_chromedriver!GetHandleVerifier [0x7cfb43+268d03]
	undetected_chromedriver!GetHandleVerifier [0x7ed85b+286a1b]
	undetected_chromedriver!GetHandleVerifier [0x591668+2a828]
	undetected_chromedriver!GetHandleVerifier [0x5997fd+329bd]
	undetected_chromedriver!GetHandleVerifier [0x580588+19748]
	undetected_chromedriver!GetHandleVerifier [0x580752+19912]
	undetected_chromedriver!GetHandleVerifier [0x5699da+2b9a]
	KERNEL32!BaseThreadInitThunk [0x761f5d49+19]
	ntdll!RtlInitializeExceptionChain [0x7722d83b+6b]
	ntdll!RtlGetAppContainerNamedObjectPath [0x7722d7c1+231]

2026-03-19 18:31:59,701 - SearchResultsPage - ERROR - Element not found: ('css selector', 'button.viewFareBtn:first-of-type')
2026-03-19 18:31:59,707 - SearchResultsPage - ERROR - JS Click also failed: Message: javascript error: Cannot read properties of null (reading 'click')
  (Session info: chrome=146.0.7680.80)
Stacktrace:
	undetected_chromedriver!GetHandleVerifier [0x577c13+10dd3]
	undetected_chromedriver!GetHandleVerifier [0x577d44+10f04]
	undetected_chromedriver!(No symbol) [0x351f50]
	undetected_chromedriver!(No symbol) [0x358bbc]
	undetected_chromedriver!(No symbol) [0x35b0d2]
	undetected_chromedriver!(No symbol) [0x3db521]
	undetected_chromedriver!(No symbol) [0x3bd90c]
	undetected_chromedriver!(No symbol) [0x3da7de]
	undetected_chromedriver!(No symbol) [0x3bd6a6]
	undetected_chromedriver!(No symbol) [0x390029]
	undetected_chromedriver!(No symbol) [0x390de4]
	undetected_chromedriver!GetHandleVerifier [0x7d4509+26d6c9]
	undetected_chromedriver!GetHandleVerifier [0x7cfb43+268d03]
	undetected_chromedriver!GetHandleVerifier [0x7ed85b+286a1b]
	undetected_chromedriver!GetHandleVerifier [0x591668+2a828]
	undetected_chromedriver!GetHandleVerifier [0x5997fd+329bd]
	undetected_chromedriver!GetHandleVerifier [0x580588+19748]
	undetected_chromedriver!GetHandleVerifier [0x580752+19912]
	undetected_chromedriver!GetHandleVerifier [0x5699da+2b9a]
	KERNEL32!BaseThreadInitThunk [0x761f5d49+19]
	ntdll!RtlInitializeExceptionChain [0x7722d83b+6b]
	ntdll!RtlGetAppContainerNamedObjectPath [0x7722d7c1+231]

2026-03-19 18:32:20,803 - HomePage - WARNING - Standard click failed for ('css selector', 'li.menu_Hotels a'), trying JS click. Error: Message: element click intercepted: Element <a href="https://www.makemytrip.com/hotels/" class="headerIcons makeFlex hrtlCenter column">...</a> is not clickable at point (264, 128). Other element would receive the click: <div class="loadingStateContent">...</div>
  (Session info: chrome=146.0.7680.80); For documentation on this error, please visit: https://www.selenium.dev/documentation/webdriver/troubleshooting/errors#elementclickinterceptedexception
Stacktrace:
	undetected_chromedriver!GetHandleVerifier [0x377c13+10dd3]
	undetected_chromedriver!GetHandleVerifier [0x377d44+10f04]
	undetected_chromedriver!(No symbol) [0x151f50]
	undetected_chromedriver!(No symbol) [0x1a10a8]
	undetected_chromedriver!(No symbol) [0x19f2b9]
	undetected_chromedriver!(No symbol) [0x19cc72]
	undetected_chromedriver!(No symbol) [0x19be74]
	undetected_chromedriver!(No symbol) [0x191aa8]
	undetected_chromedriver!(No symbol) [0x1bd90c]
	undetected_chromedriver!(No symbol) [0x1914e4]
	undetected_chromedriver!(No symbol) [0x1bdad4]
	undetected_chromedriver!(No symbol) [0x1da7de]
	undetected_chromedriver!(No symbol) [0x1bd6a6]
	undetected_chromedriver!(No symbol) [0x190029]
	undetected_chromedriver!(No symbol) [0x190de4]
	undetected_chromedriver!GetHandleVerifier [0x5d4509+26d6c9]
	undetected_chromedriver!GetHandleVerifier [0x5cfb43+268d03]
	undetected_chromedriver!GetHandleVerifier [0x5ed85b+286a1b]
	undetected_chromedriver!GetHandleVerifier [0x391668+2a828]
	undetected_chromedriver!GetHandleVerifier [0x3997fd+329bd]
	undetected_chromedriver!GetHandleVerifier [0x380588+19748]
	undetected_chromedriver!GetHandleVerifier [0x380752+19912]
	undetected_chromedriver!GetHandleVerifier [0x3699da+2b9a]
	KERNEL32!BaseThreadInitThunk [0x761f5d49+19]
	ntdll!RtlInitializeExceptionChain [0x7722d83b+6b]
	ntdll!RtlGetAppContainerNamedObjectPath [0x7722d7c1+231]
	(No symbol) [(nil)]

2026-03-19 18:32:21,115 - HomePage - INFO - JS Clicked element: ('css selector', 'li.menu_Hotels a')
2026-03-19 18:32:24,437 - HomePage - WARNING - Standard click failed for ('id', 'city'), trying JS click. Error: Message: element click intercepted: Element <input data-cy="city" id="city" class="hsw_inputField lineHeight36 latoBlack font32" dir="ltr" readonly="" type="text" value="Goa"> is not clickable at point (288, 289). Other element would receive the click: <div class="sliderItemContent-headerPart">...</div>
  (Session info: chrome=146.0.7680.80); For documentation on this error, please visit: https://www.selenium.dev/documentation/webdriver/troubleshooting/errors#elementclickinterceptedexception
Stacktrace:
	undetected_chromedriver!GetHandleVerifier [0x377c13+10dd3]
	undetected_chromedriver!GetHandleVerifier [0x377d44+10f04]
	undetected_chromedriver!(No symbol) [0x151f50]
	undetected_chromedriver!(No symbol) [0x1a10a8]
	undetected_chromedriver!(No symbol) [0x19f2b9]
	undetected_chromedriver!(No symbol) [0x19cc72]
	undetected_chromedriver!(No symbol) [0x19be74]
	undetected_chromedriver!(No symbol) [0x191aa8]
	undetected_chromedriver!(No symbol) [0x1bd90c]
	undetected_chromedriver!(No symbol) [0x1914e4]
	undetected_chromedriver!(No symbol) [0x1bdad4]
	undetected_chromedriver!(No symbol) [0x1da7de]
	undetected_chromedriver!(No symbol) [0x1bd6a6]
	undetected_chromedriver!(No symbol) [0x190029]
	undetected_chromedriver!(No symbol) [0x190de4]
	undetected_chromedriver!GetHandleVerifier [0x5d4509+26d6c9]
	undetected_chromedriver!GetHandleVerifier [0x5cfb43+268d03]
	undetected_chromedriver!GetHandleVerifier [0x5ed85b+286a1b]
	undetected_chromedriver!GetHandleVerifier [0x391668+2a828]
	undetected_chromedriver!GetHandleVerifier [0x3997fd+329bd]
	undetected_chromedriver!GetHandleVerifier [0x380588+19748]
	undetected_chromedriver!GetHandleVerifier [0x380752+19912]
	undetected_chromedriver!GetHandleVerifier [0x3699da+2b9a]
	KERNEL32!BaseThreadInitThunk [0x761f5d49+19]
	ntdll!RtlInitializeExceptionChain [0x7722d83b+6b]
	ntdll!RtlGetAppContainerNamedObjectPath [0x7722d7c1+231]
	(No symbol) [(nil)]

2026-03-19 18:32:24,464 - HomePage - INFO - JS Clicked element: ('id', 'city')
2026-03-19 18:32:46,051 - HomePage - ERROR - Failed to send keys to ('css selector', "input[placeholder*='city']"): Message: 
Stacktrace:
	undetected_chromedriver!GetHandleVerifier [0x377c13+10dd3]
	undetected_chromedriver!GetHandleVerifier [0x377d44+10f04]
	undetected_chromedriver!(No symbol) [0x151f50]
	undetected_chromedriver!(No symbol) [0x19a9aa]
	undetected_chromedriver!(No symbol) [0x19ac4b]
	undetected_chromedriver!(No symbol) [0x1dcee2]
	undetected_chromedriver!(No symbol) [0x1bd954]
	undetected_chromedriver!(No symbol) [0x1da7de]
	undetected_chromedriver!(No symbol) [0x1bd6a6]
	undetected_chromedriver!(No symbol) [0x190029]
	undetected_chromedriver!(No symbol) [0x190de4]
	undetected_chromedriver!GetHandleVerifier [0x5d4509+26d6c9]
	undetected_chromedriver!GetHandleVerifier [0x5cfb43+268d03]
	undetected_chromedriver!GetHandleVerifier [0x5ed85b+286a1b]
	undetected_chromedriver!GetHandleVerifier [0x391668+2a828]
	undetected_chromedriver!GetHandleVerifier [0x3997fd+329bd]
	undetected_chromedriver!GetHandleVerifier [0x380588+19748]
	undetected_chromedriver!GetHandleVerifier [0x380752+19912]
	undetected_chromedriver!GetHandleVerifier [0x3699da+2b9a]
	KERNEL32!BaseThreadInitThunk [0x761f5d49+19]
	ntdll!RtlInitializeExceptionChain [0x7722d83b+6b]
	ntdll!RtlGetAppContainerNamedObjectPath [0x7722d7c1+231]
	(No symbol) [(nil)]

2026-03-19 18:33:04,650 - HomePage - WARNING - Standard click failed for ('css selector', 'li.menu_Buses a'), trying JS click. Error: Message: element click intercepted: Element <a href="https://www.makemytrip.com/bus-tickets/" class="headerIcons makeFlex hrtlCenter column">...</a> is not clickable at point (632, 128). Other element would receive the click: <section data-cy="CommonModal_2" class="modalMain tcnFooter">...</section>
  (Session info: chrome=146.0.7680.80); For documentation on this error, please visit: https://www.selenium.dev/documentation/webdriver/troubleshooting/errors#elementclickinterceptedexception
Stacktrace:
	undetected_chromedriver!GetHandleVerifier [0xb07c13+10dd3]
	undetected_chromedriver!GetHandleVerifier [0xb07d44+10f04]
	undetected_chromedriver!(No symbol) [0x8e1f50]
	undetected_chromedriver!(No symbol) [0x9310a8]
	undetected_chromedriver!(No symbol) [0x92f2b9]
	undetected_chromedriver!(No symbol) [0x92cc72]
	undetected_chromedriver!(No symbol) [0x92be74]
	undetected_chromedriver!(No symbol) [0x921aa8]
	undetected_chromedriver!(No symbol) [0x94d90c]
	undetected_chromedriver!(No symbol) [0x9214e4]
	undetected_chromedriver!(No symbol) [0x94dad4]
	undetected_chromedriver!(No symbol) [0x96a7de]
	undetected_chromedriver!(No symbol) [0x94d6a6]
	undetected_chromedriver!(No symbol) [0x920029]
	undetected_chromedriver!(No symbol) [0x920de4]
	undetected_chromedriver!GetHandleVerifier [0xd64509+26d6c9]
	undetected_chromedriver!GetHandleVerifier [0xd5fb43+268d03]
	undetected_chromedriver!GetHandleVerifier [0xd7d85b+286a1b]
	undetected_chromedriver!GetHandleVerifier [0xb21668+2a828]
	undetected_chromedriver!GetHandleVerifier [0xb297fd+329bd]
	undetected_chromedriver!GetHandleVerifier [0xb10588+19748]
	undetected_chromedriver!GetHandleVerifier [0xb10752+19912]
	undetected_chromedriver!GetHandleVerifier [0xaf99da+2b9a]
	KERNEL32!BaseThreadInitThunk [0x761f5d49+19]
	ntdll!RtlInitializeExceptionChain [0x7722d83b+6b]
	ntdll!RtlGetAppContainerNamedObjectPath [0x7722d7c1+231]

2026-03-19 18:33:04,778 - HomePage - INFO - JS Clicked element: ('css selector', 'li.menu_Buses a')
2026-03-19 18:33:12,251 - HomePage - WARNING - Standard click failed for ('id', 'fromCity'), trying JS click. Error: Message: element click intercepted: Element <input id="fromCity" data-cy="fromCityVal" class="bussw_inputField font30 latoBlack" readonly="" type="text" value="Delhi, Delhi"> is not clickable at point (336, 289). Other element would receive the click: <p class="sliderItem-topSubTitle">...</p>
  (Session info: chrome=146.0.7680.80); For documentation on this error, please visit: https://www.selenium.dev/documentation/webdriver/troubleshooting/errors#elementclickinterceptedexception
Stacktrace:
	undetected_chromedriver!GetHandleVerifier [0xb07c13+10dd3]
	undetected_chromedriver!GetHandleVerifier [0xb07d44+10f04]
	undetected_chromedriver!(No symbol) [0x8e1f50]
	undetected_chromedriver!(No symbol) [0x9310a8]
	undetected_chromedriver!(No symbol) [0x92f2b9]
	undetected_chromedriver!(No symbol) [0x92cc72]
	undetected_chromedriver!(No symbol) [0x92be74]
	undetected_chromedriver!(No symbol) [0x921aa8]
	undetected_chromedriver!(No symbol) [0x94d90c]
	undetected_chromedriver!(No symbol) [0x9214e4]
	undetected_chromedriver!(No symbol) [0x94dad4]
	undetected_chromedriver!(No symbol) [0x96a7de]
	undetected_chromedriver!(No symbol) [0x94d6a6]
	undetected_chromedriver!(No symbol) [0x920029]
	undetected_chromedriver!(No symbol) [0x920de4]
	undetected_chromedriver!GetHandleVerifier [0xd64509+26d6c9]
	undetected_chromedriver!GetHandleVerifier [0xd5fb43+268d03]
	undetected_chromedriver!GetHandleVerifier [0xd7d85b+286a1b]
	undetected_chromedriver!GetHandleVerifier [0xb21668+2a828]
	undetected_chromedriver!GetHandleVerifier [0xb297fd+329bd]
	undetected_chromedriver!GetHandleVerifier [0xb10588+19748]
	undetected_chromedriver!GetHandleVerifier [0xb10752+19912]
	undetected_chromedriver!GetHandleVerifier [0xaf99da+2b9a]
	KERNEL32!BaseThreadInitThunk [0x761f5d49+19]
	ntdll!RtlInitializeExceptionChain [0x7722d83b+6b]
	ntdll!RtlGetAppContainerNamedObjectPath [0x7722d7c1+231]

2026-03-19 18:33:12,288 - HomePage - INFO - JS Clicked element: ('id', 'fromCity')
2026-03-19 18:33:12,820 - HomePage - INFO - Entered 'Mumbai' into ('css selector', "input[placeholder*='From']")
2026-03-19 18:33:14,976 - HomePage - INFO - Clicked element: ('css selector', 'ul.react-autosuggest__suggestions-list li:first-child')
2026-03-19 18:33:16,097 - HomePage - WARNING - Standard click failed for ('id', 'toCity'), trying JS click. Error: Message: element click intercepted: Element <input id="toCity" data-cy="toCityVal" class="bussw_inputField font30 latoBlack" readonly="" type="text" value="Kanpur, Uttar Pradesh"> is not clickable at point (819, 289). Other element would receive the click: <input autocomplete="off" aria-autocomplete="list" aria-controls="react-autowhatever-1" class="react-autosuggest__input react-autosuggest__input--open react-autosuggest__input--focused" placeholder="To" title="To" type="text" value="">
  (Session info: chrome=146.0.7680.80); For documentation on this error, please visit: https://www.selenium.dev/documentation/webdriver/troubleshooting/errors#elementclickinterceptedexception
Stacktrace:
	undetected_chromedriver!GetHandleVerifier [0xb07c13+10dd3]
	undetected_chromedriver!GetHandleVerifier [0xb07d44+10f04]
	undetected_chromedriver!(No symbol) [0x8e1f50]
	undetected_chromedriver!(No symbol) [0x9310a8]
	undetected_chromedriver!(No symbol) [0x92f2b9]
	undetected_chromedriver!(No symbol) [0x92cc72]
	undetected_chromedriver!(No symbol) [0x92be74]
	undetected_chromedriver!(No symbol) [0x921aa8]
	undetected_chromedriver!(No symbol) [0x94d90c]
	undetected_chromedriver!(No symbol) [0x9214e4]
	undetected_chromedriver!(No symbol) [0x94dad4]
	undetected_chromedriver!(No symbol) [0x96a7de]
	undetected_chromedriver!(No symbol) [0x94d6a6]
	undetected_chromedriver!(No symbol) [0x920029]
	undetected_chromedriver!(No symbol) [0x920de4]
	undetected_chromedriver!GetHandleVerifier [0xd64509+26d6c9]
	undetected_chromedriver!GetHandleVerifier [0xd5fb43+268d03]
	undetected_chromedriver!GetHandleVerifier [0xd7d85b+286a1b]
	undetected_chromedriver!GetHandleVerifier [0xb21668+2a828]
	undetected_chromedriver!GetHandleVerifier [0xb297fd+329bd]
	undetected_chromedriver!GetHandleVerifier [0xb10588+19748]
	undetected_chromedriver!GetHandleVerifier [0xb10752+19912]
	undetected_chromedriver!GetHandleVerifier [0xaf99da+2b9a]
	KERNEL32!BaseThreadInitThunk [0x761f5d49+19]
	ntdll!RtlInitializeExceptionChain [0x7722d83b+6b]
	ntdll!RtlGetAppContainerNamedObjectPath [0x7722d7c1+231]

2026-03-19 18:33:16,110 - HomePage - INFO - JS Clicked element: ('id', 'toCity')
2026-03-19 18:33:16,258 - HomePage - INFO - Entered 'Pune' into ('css selector', "input[placeholder*='To']")
2026-03-19 18:33:18,359 - HomePage - INFO - Clicked element: ('css selector', 'ul.react-autosuggest__suggestions-list li:first-child')
2026-03-19 18:33:19,482 - HomePage - WARNING - Standard click failed for ('id', 'travelDate'), trying JS click. Error: Message: element click intercepted: Element <input id="travelDate" data-cy="travelDateVal" class="bussw_inputField font20" readonly="" type="text"> is not clickable at point (1156, 285). Other element would receive the click: <div class="dayPickerHeader dayToFromCont blackText">...</div>
  (Session info: chrome=146.0.7680.80); For documentation on this error, please visit: https://www.selenium.dev/documentation/webdriver/troubleshooting/errors#elementclickinterceptedexception
Stacktrace:
	undetected_chromedriver!GetHandleVerifier [0xb07c13+10dd3]
	undetected_chromedriver!GetHandleVerifier [0xb07d44+10f04]
	undetected_chromedriver!(No symbol) [0x8e1f50]
	undetected_chromedriver!(No symbol) [0x9310a8]
	undetected_chromedriver!(No symbol) [0x92f2b9]
	undetected_chromedriver!(No symbol) [0x92cc72]
	undetected_chromedriver!(No symbol) [0x92be74]
	undetected_chromedriver!(No symbol) [0x921aa8]
	undetected_chromedriver!(No symbol) [0x94d90c]
	undetected_chromedriver!(No symbol) [0x9214e4]
	undetected_chromedriver!(No symbol) [0x94dad4]
	undetected_chromedriver!(No symbol) [0x96a7de]
	undetected_chromedriver!(No symbol) [0x94d6a6]
	undetected_chromedriver!(No symbol) [0x920029]
	undetected_chromedriver!(No symbol) [0x920de4]
	undetected_chromedriver!GetHandleVerifier [0xd64509+26d6c9]
	undetected_chromedriver!GetHandleVerifier [0xd5fb43+268d03]
	undetected_chromedriver!GetHandleVerifier [0xd7d85b+286a1b]
	undetected_chromedriver!GetHandleVerifier [0xb21668+2a828]
	undetected_chromedriver!GetHandleVerifier [0xb297fd+329bd]
	undetected_chromedriver!GetHandleVerifier [0xb10588+19748]
	undetected_chromedriver!GetHandleVerifier [0xb10752+19912]
	undetected_chromedriver!GetHandleVerifier [0xaf99da+2b9a]
	KERNEL32!BaseThreadInitThunk [0x761f5d49+19]
	ntdll!RtlInitializeExceptionChain [0x7722d83b+6b]
	ntdll!RtlGetAppContainerNamedObjectPath [0x7722d7c1+231]

2026-03-19 18:33:19,499 - HomePage - INFO - JS Clicked element: ('id', 'travelDate')
2026-03-19 18:33:19,572 - HomePage - INFO - Clicked element: ('css selector', '.DayPicker-Day--today')
2026-03-19 18:33:30,360 - HomePage - INFO - Clicked element: ('css selector', 'a.primaryBtn, button.primaryBtn')
2026-03-19 18:33:55,922 - SearchResultsPage - WARNING - Standard click failed for ('css selector', 'div.busCard'), trying JS click. Error: Message: 
Stacktrace:
	undetected_chromedriver!GetHandleVerifier [0xb07c13+10dd3]
	undetected_chromedriver!GetHandleVerifier [0xb07d44+10f04]
	undetected_chromedriver!(No symbol) [0x8e1f50]
	undetected_chromedriver!(No symbol) [0x92a9aa]
	undetected_chromedriver!(No symbol) [0x92ac4b]
	undetected_chromedriver!(No symbol) [0x96cee2]
	undetected_chromedriver!(No symbol) [0x94d954]
	undetected_chromedriver!(No symbol) [0x96a7de]
	undetected_chromedriver!(No symbol) [0x94d6a6]
	undetected_chromedriver!(No symbol) [0x920029]
	undetected_chromedriver!(No symbol) [0x920de4]
	undetected_chromedriver!GetHandleVerifier [0xd64509+26d6c9]
	undetected_chromedriver!GetHandleVerifier [0xd5fb43+268d03]
	undetected_chromedriver!GetHandleVerifier [0xd7d85b+286a1b]
	undetected_chromedriver!GetHandleVerifier [0xb21668+2a828]
	undetected_chromedriver!GetHandleVerifier [0xb297fd+329bd]
	undetected_chromedriver!GetHandleVerifier [0xb10588+19748]
	undetected_chromedriver!GetHandleVerifier [0xb10752+19912]
	undetected_chromedriver!GetHandleVerifier [0xaf99da+2b9a]
	KERNEL32!BaseThreadInitThunk [0x761f5d49+19]
	ntdll!RtlInitializeExceptionChain [0x7722d83b+6b]
	ntdll!RtlGetAppContainerNamedObjectPath [0x7722d7c1+231]

2026-03-19 18:34:16,523 - SearchResultsPage - ERROR - Element not found: ('css selector', 'div.busCard')
2026-03-19 18:34:16,530 - SearchResultsPage - ERROR - JS Click also failed: Message: javascript error: Cannot read properties of null (reading 'click')
  (Session info: chrome=146.0.7680.80)
Stacktrace:
	undetected_chromedriver!GetHandleVerifier [0xb07c13+10dd3]
	undetected_chromedriver!GetHandleVerifier [0xb07d44+10f04]
	undetected_chromedriver!(No symbol) [0x8e1f50]
	undetected_chromedriver!(No symbol) [0x8e8bbc]
	undetected_chromedriver!(No symbol) [0x8eb0d2]
	undetected_chromedriver!(No symbol) [0x96b521]
	undetected_chromedriver!(No symbol) [0x94d90c]
	undetected_chromedriver!(No symbol) [0x96a7de]
	undetected_chromedriver!(No symbol) [0x94d6a6]
	undetected_chromedriver!(No symbol) [0x920029]
	undetected_chromedriver!(No symbol) [0x920de4]
	undetected_chromedriver!GetHandleVerifier [0xd64509+26d6c9]
	undetected_chromedriver!GetHandleVerifier [0xd5fb43+268d03]
	undetected_chromedriver!GetHandleVerifier [0xd7d85b+286a1b]
	undetected_chromedriver!GetHandleVerifier [0xb21668+2a828]
	undetected_chromedriver!GetHandleVerifier [0xb297fd+329bd]
	undetected_chromedriver!GetHandleVerifier [0xb10588+19748]
	undetected_chromedriver!GetHandleVerifier [0xb10752+19912]
	undetected_chromedriver!GetHandleVerifier [0xaf99da+2b9a]
	KERNEL32!BaseThreadInitThunk [0x761f5d49+19]
	ntdll!RtlInitializeExceptionChain [0x7722d83b+6b]
	ntdll!RtlGetAppContainerNamedObjectPath [0x7722d7c1+231]

